# This file was automatically created by FeynRules 2.3.2
# Mathematica version: 9.0 for Linux x86 (64-bit) (November 20, 2012)
# Date: Thu 11 Jun 2015 17:38:48


# 
# This is the logfile for the model DMsimp

# Authors: A. Martini, K. Mawatari, J. Wang, C. Zhang
# Model version: 0.1_alpha
# Checking the Quantum numbers
   * Electric charge defined.
# Checking the Lagrangians
   * All Lagrangians are ok.
#
# Particle definitions
#

   * No particles removed. All particles correspond to GenInt setup.

# Automatically assigned PDG numbers
   * Assigned PDG number 9000001 to particle ghA
   * Assigned PDG number 9000002 to particle ghZ
   * Assigned PDG number 9000003 to particle ghWp
   * Assigned PDG number 9000004 to particle ghWm
   * Assigned PDG number 9000005 to particle Xr
   * Assigned PDG number 9000006 to particle Xc
   * Assigned PDG number 9000007 to particle Xd
   * Assigned PDG number 9000008 to particle Y0
   * Assigned PDG number 9000009 to particle Y1


# Compulsory PDG codes:
   * Class SM leptons complete.
   * Class SM neutrinos complete.
   * Class SM quarks complete.
   * Class SM gauge bosons complete.
#
# Parameter definitions
#

   * All parameters are ok.


# Vertices
   * Calling FeynmanRules for 1 Lagrangians.
   * Number of classes vertices: 185
   * Number of flavored vertices: 189
   * Saved vertices in InterfaceRun[ 1 ].
   * Checked QNumber conservation.
      - Quantum number GhostNumber conserved in all vertices.
      - Quantum number LeptonNumber conserved in all vertices.
      - Quantum number Q conserved in all vertices.
      - Quantum number Y conserved in all vertices.
   * particles.py written.
   * parameters.py written.
#
# Vertex definitions
#

   * 164 vertices written.
   * vertices.py written.
#
# Lorentz structure definitions
#

   * 41 lorentz structures written.
   * lorentz.py written.
#
# Coupling definitions
#

   * 137 couplings written.
   * couplings.py written.
#
# Coupling order definitions
#

   * 0 couplings orders written.
   * coupling_orders.py written.
#
# Decay definitions
#

   * 14 decays written.
   * decay.py not written
#
# CTCoupling definitions
#

   * 430 CTcouplings written.
   * CT_couplings.py written.
#
# CTVertex definitions
#

   * 160 CTvertices written.
   * CT_vertices.py written.
